

Started GET "/" for 127.0.0.1 at 2015-03-15 16:21:29 -0700
Processing by ApplicationController#splash as HTML
Completed 500 Internal Server Error in 55ms

ActionView::MissingTemplate (Missing template application/splash with {:locale=>[:en], :formats=>[:html], :variants=>[], :handlers=>[:erb, :builder, :raw, :ruby, :haml]}. Searched in:
  * "/home/forni/Development/heroku/smallanimalsincostumes/app/views"
):
  actionview (4.2.0) lib/action_view/path_set.rb:46:in `find'
  actionview (4.2.0) lib/action_view/lookup_context.rb:121:in `find'
  actionview (4.2.0) lib/action_view/renderer/abstract_renderer.rb:18:in `find_template'
  actionview (4.2.0) lib/action_view/renderer/template_renderer.rb:40:in `determine_template'
  actionview (4.2.0) lib/action_view/renderer/template_renderer.rb:8:in `render'
  actionview (4.2.0) lib/action_view/renderer/renderer.rb:42:in `render_template'
  actionview (4.2.0) lib/action_view/renderer/renderer.rb:23:in `render'
  actionview (4.2.0) lib/action_view/rendering.rb:100:in `_render_template'
  actionpack (4.2.0) lib/action_controller/metal/streaming.rb:217:in `_render_template'
  actionview (4.2.0) lib/action_view/rendering.rb:83:in `render_to_body'
  actionpack (4.2.0) lib/action_controller/metal/rendering.rb:32:in `render_to_body'
  actionpack (4.2.0) lib/action_controller/metal/renderers.rb:37:in `render_to_body'
  actionpack (4.2.0) lib/abstract_controller/rendering.rb:25:in `render'
  actionpack (4.2.0) lib/action_controller/metal/rendering.rb:16:in `render'
  actionpack (4.2.0) lib/action_controller/metal/instrumentation.rb:41:in `block (2 levels) in render'
  activesupport (4.2.0) lib/active_support/core_ext/benchmark.rb:12:in `block in ms'
  /home/forni/.rvm/rubies/ruby-1.9.3-p545/lib/ruby/1.9.1/benchmark.rb:295:in `realtime'
  activesupport (4.2.0) lib/active_support/core_ext/benchmark.rb:12:in `ms'
  actionpack (4.2.0) lib/action_controller/metal/instrumentation.rb:41:in `block in render'
  actionpack (4.2.0) lib/action_controller/metal/instrumentation.rb:84:in `cleanup_view_runtime'
  activerecord (4.2.0) lib/active_record/railties/controller_runtime.rb:25:in `cleanup_view_runtime'
  actionpack (4.2.0) lib/action_controller/metal/instrumentation.rb:40:in `render'
  actionpack (4.2.0) lib/action_controller/metal/implicit_render.rb:10:in `default_render'
  actionpack (4.2.0) lib/action_controller/metal/implicit_render.rb:5:in `send_action'
  actionpack (4.2.0) lib/abstract_controller/base.rb:198:in `process_action'
  actionpack (4.2.0) lib/action_controller/metal/rendering.rb:10:in `process_action'
  actionpack (4.2.0) lib/abstract_controller/callbacks.rb:20:in `block in process_action'
  activesupport (4.2.0) lib/active_support/callbacks.rb:88:in `call'
  activesupport (4.2.0) lib/active_support/callbacks.rb:88:in `_run_callbacks'
  activesupport (4.2.0) lib/active_support/callbacks.rb:734:in `_run_process_action_callbacks'
  activesupport (4.2.0) lib/active_support/callbacks.rb:81:in `run_callbacks'
  actionpack (4.2.0) lib/abstract_controller/callbacks.rb:19:in `process_action'
  actionpack (4.2.0) lib/action_controller/metal/rescue.rb:29:in `process_action'
  actionpack (4.2.0) lib/action_controller/metal/instrumentation.rb:31:in `block in process_action'
  activesupport (4.2.0) lib/active_support/notifications.rb:164:in `block in instrument'
  activesupport (4.2.0) lib/active_support/notifications/instrumenter.rb:20:in `instrument'
  activesupport (4.2.0) lib/active_support/notifications.rb:164:in `instrument'
  actionpack (4.2.0) lib/action_controller/metal/instrumentation.rb:30:in `process_action'
  actionpack (4.2.0) lib/action_controller/metal/params_wrapper.rb:250:in `process_action'
  activerecord (4.2.0) lib/active_record/railties/controller_runtime.rb:18:in `process_action'
  actionpack (4.2.0) lib/abstract_controller/base.rb:137:in `process'
  actionview (4.2.0) lib/action_view/rendering.rb:30:in `process'
  actionpack (4.2.0) lib/action_controller/metal.rb:195:in `dispatch'
  actionpack (4.2.0) lib/action_controller/metal/rack_delegation.rb:13:in `dispatch'
  actionpack (4.2.0) lib/action_controller/metal.rb:236:in `block in action'
  actionpack (4.2.0) lib/action_dispatch/routing/route_set.rb:73:in `call'
  actionpack (4.2.0) lib/action_dispatch/routing/route_set.rb:73:in `dispatch'
  actionpack (4.2.0) lib/action_dispatch/routing/route_set.rb:42:in `serve'
  actionpack (4.2.0) lib/action_dispatch/journey/router.rb:43:in `block in serve'
  actionpack (4.2.0) lib/action_dispatch/journey/router.rb:30:in `each'
  actionpack (4.2.0) lib/action_dispatch/journey/router.rb:30:in `serve'
  actionpack (4.2.0) lib/action_dispatch/routing/route_set.rb:802:in `call'
  rack (1.6.0) lib/rack/etag.rb:24:in `call'
  rack (1.6.0) lib/rack/conditionalget.rb:25:in `call'
  rack (1.6.0) lib/rack/head.rb:13:in `call'
  actionpack (4.2.0) lib/action_dispatch/middleware/params_parser.rb:27:in `call'
  actionpack (4.2.0) lib/action_dispatch/middleware/flash.rb:260:in `call'
  rack (1.6.0) lib/rack/session/abstract/id.rb:225:in `context'
  rack (1.6.0) lib/rack/session/abstract/id.rb:220:in `call'
  actionpack (4.2.0) lib/action_dispatch/middleware/cookies.rb:560:in `call'
  activerecord (4.2.0) lib/active_record/query_cache.rb:36:in `call'
  activerecord (4.2.0) lib/active_record/connection_adapters/abstract/connection_pool.rb:647:in `call'
  activerecord (4.2.0) lib/active_record/migration.rb:378:in `call'
  actionpack (4.2.0) lib/action_dispatch/middleware/callbacks.rb:29:in `block in call'
  activesupport (4.2.0) lib/active_support/callbacks.rb:88:in `call'
  activesupport (4.2.0) lib/active_support/callbacks.rb:88:in `_run_callbacks'
  activesupport (4.2.0) lib/active_support/callbacks.rb:734:in `_run_call_callbacks'
  activesupport (4.2.0) lib/active_support/callbacks.rb:81:in `run_callbacks'
  actionpack (4.2.0) lib/action_dispatch/middleware/callbacks.rb:27:in `call'
  actionpack (4.2.0) lib/action_dispatch/middleware/reloader.rb:73:in `call'
  actionpack (4.2.0) lib/action_dispatch/middleware/remote_ip.rb:78:in `call'
  actionpack (4.2.0) lib/action_dispatch/middleware/debug_exceptions.rb:17:in `call'
  actionpack (4.2.0) lib/action_dispatch/middleware/show_exceptions.rb:30:in `call'
  railties (4.2.0) lib/rails/rack/logger.rb:38:in `call_app'
  railties (4.2.0) lib/rails/rack/logger.rb:20:in `block in call'
  activesupport (4.2.0) lib/active_support/tagged_logging.rb:68:in `block in tagged'
  activesupport (4.2.0) lib/active_support/tagged_logging.rb:26:in `tagged'
  activesupport (4.2.0) lib/active_support/tagged_logging.rb:68:in `tagged'
  railties (4.2.0) lib/rails/rack/logger.rb:20:in `call'
  actionpack (4.2.0) lib/action_dispatch/middleware/request_id.rb:21:in `call'
  rack (1.6.0) lib/rack/methodoverride.rb:22:in `call'
  rack (1.6.0) lib/rack/runtime.rb:18:in `call'
  activesupport (4.2.0) lib/active_support/cache/strategy/local_cache_middleware.rb:28:in `call'
  rack (1.6.0) lib/rack/lock.rb:17:in `call'
  actionpack (4.2.0) lib/action_dispatch/middleware/static.rb:113:in `call'
  rack (1.6.0) lib/rack/sendfile.rb:113:in `call'
  railties (4.2.0) lib/rails/engine.rb:518:in `call'
  railties (4.2.0) lib/rails/application.rb:164:in `call'
  unicorn (4.8.3) lib/unicorn/http_server.rb:576:in `process_client'
  unicorn (4.8.3) lib/unicorn/http_server.rb:670:in `worker_loop'
  unicorn (4.8.3) lib/unicorn/http_server.rb:525:in `spawn_missing_workers'
  unicorn (4.8.3) lib/unicorn/http_server.rb:140:in `start'
  unicorn (4.8.3) bin/unicorn_rails:209:in `<top (required)>'
  /home/forni/.rvm/gems/ruby-1.9.3-p545/bin/unicorn_rails:23:in `load'
  /home/forni/.rvm/gems/ruby-1.9.3-p545/bin/unicorn_rails:23:in `<main>'
  /home/forni/.rvm/gems/ruby-1.9.3-p545/bin/ruby_executable_hooks:15:in `eval'
  /home/forni/.rvm/gems/ruby-1.9.3-p545/bin/ruby_executable_hooks:15:in `<main>'


  Rendered /home/forni/.rvm/gems/ruby-1.9.3-p545/gems/actionpack-4.2.0/lib/action_dispatch/middleware/templates/rescues/_source.erb (5.2ms)
  Rendered /home/forni/.rvm/gems/ruby-1.9.3-p545/gems/actionpack-4.2.0/lib/action_dispatch/middleware/templates/rescues/_trace.html.erb (2.3ms)
  Rendered /home/forni/.rvm/gems/ruby-1.9.3-p545/gems/actionpack-4.2.0/lib/action_dispatch/middleware/templates/rescues/_request_and_response.html.erb (10.1ms)
  Rendered /home/forni/.rvm/gems/ruby-1.9.3-p545/gems/actionpack-4.2.0/lib/action_dispatch/middleware/templates/rescues/missing_template.html.erb within rescues/layout (29.2ms)


Started GET "/" for 127.0.0.1 at 2015-03-15 16:22:11 -0700
Processing by ApplicationController#splash as HTML
Completed 500 Internal Server Error in 1ms

ActionView::MissingTemplate (Missing template application/splash with {:locale=>[:en], :formats=>[:html], :variants=>[], :handlers=>[:erb, :builder, :raw, :ruby, :haml]}. Searched in:
  * "/home/forni/Development/heroku/smallanimalsincostumes/app/views"
):
  actionview (4.2.0) lib/action_view/path_set.rb:46:in `find'
  actionview (4.2.0) lib/action_view/lookup_context.rb:121:in `find'
  actionview (4.2.0) lib/action_view/renderer/abstract_renderer.rb:18:in `find_template'
  actionview (4.2.0) lib/action_view/renderer/template_renderer.rb:40:in `determine_template'
  actionview (4.2.0) lib/action_view/renderer/template_renderer.rb:8:in `render'
  actionview (4.2.0) lib/action_view/renderer/renderer.rb:42:in `render_template'
  actionview (4.2.0) lib/action_view/renderer/renderer.rb:23:in `render'
  actionview (4.2.0) lib/action_view/rendering.rb:100:in `_render_template'
  actionpack (4.2.0) lib/action_controller/metal/streaming.rb:217:in `_render_template'
  actionview (4.2.0) lib/action_view/rendering.rb:83:in `render_to_body'
  actionpack (4.2.0) lib/action_controller/metal/rendering.rb:32:in `render_to_body'
  actionpack (4.2.0) lib/action_controller/metal/renderers.rb:37:in `render_to_body'
  actionpack (4.2.0) lib/abstract_controller/rendering.rb:25:in `render'
  actionpack (4.2.0) lib/action_controller/metal/rendering.rb:16:in `render'
  actionpack (4.2.0) lib/action_controller/metal/instrumentation.rb:41:in `block (2 levels) in render'
  activesupport (4.2.0) lib/active_support/core_ext/benchmark.rb:12:in `block in ms'
  /home/forni/.rvm/rubies/ruby-1.9.3-p545/lib/ruby/1.9.1/benchmark.rb:295:in `realtime'
  activesupport (4.2.0) lib/active_support/core_ext/benchmark.rb:12:in `ms'
  actionpack (4.2.0) lib/action_controller/metal/instrumentation.rb:41:in `block in render'
  actionpack (4.2.0) lib/action_controller/metal/instrumentation.rb:84:in `cleanup_view_runtime'
  activerecord (4.2.0) lib/active_record/railties/controller_runtime.rb:25:in `cleanup_view_runtime'
  actionpack (4.2.0) lib/action_controller/metal/instrumentation.rb:40:in `render'
  actionpack (4.2.0) lib/action_controller/metal/implicit_render.rb:10:in `default_render'
  actionpack (4.2.0) lib/action_controller/metal/implicit_render.rb:5:in `send_action'
  actionpack (4.2.0) lib/abstract_controller/base.rb:198:in `process_action'
  actionpack (4.2.0) lib/action_controller/metal/rendering.rb:10:in `process_action'
  actionpack (4.2.0) lib/abstract_controller/callbacks.rb:20:in `block in process_action'
  activesupport (4.2.0) lib/active_support/callbacks.rb:88:in `call'
  activesupport (4.2.0) lib/active_support/callbacks.rb:88:in `_run_callbacks'
  activesupport (4.2.0) lib/active_support/callbacks.rb:734:in `_run_process_action_callbacks'
  activesupport (4.2.0) lib/active_support/callbacks.rb:81:in `run_callbacks'
  actionpack (4.2.0) lib/abstract_controller/callbacks.rb:19:in `process_action'
  actionpack (4.2.0) lib/action_controller/metal/rescue.rb:29:in `process_action'
  actionpack (4.2.0) lib/action_controller/metal/instrumentation.rb:31:in `block in process_action'
  activesupport (4.2.0) lib/active_support/notifications.rb:164:in `block in instrument'
  activesupport (4.2.0) lib/active_support/notifications/instrumenter.rb:20:in `instrument'
  activesupport (4.2.0) lib/active_support/notifications.rb:164:in `instrument'
  actionpack (4.2.0) lib/action_controller/metal/instrumentation.rb:30:in `process_action'
  actionpack (4.2.0) lib/action_controller/metal/params_wrapper.rb:250:in `process_action'
  activerecord (4.2.0) lib/active_record/railties/controller_runtime.rb:18:in `process_action'
  actionpack (4.2.0) lib/abstract_controller/base.rb:137:in `process'
  actionview (4.2.0) lib/action_view/rendering.rb:30:in `process'
  actionpack (4.2.0) lib/action_controller/metal.rb:195:in `dispatch'
  actionpack (4.2.0) lib/action_controller/metal/rack_delegation.rb:13:in `dispatch'
  actionpack (4.2.0) lib/action_controller/metal.rb:236:in `block in action'
  actionpack (4.2.0) lib/action_dispatch/routing/route_set.rb:73:in `call'
  actionpack (4.2.0) lib/action_dispatch/routing/route_set.rb:73:in `dispatch'
  actionpack (4.2.0) lib/action_dispatch/routing/route_set.rb:42:in `serve'
  actionpack (4.2.0) lib/action_dispatch/journey/router.rb:43:in `block in serve'
  actionpack (4.2.0) lib/action_dispatch/journey/router.rb:30:in `each'
  actionpack (4.2.0) lib/action_dispatch/journey/router.rb:30:in `serve'
  actionpack (4.2.0) lib/action_dispatch/routing/route_set.rb:802:in `call'
  rack (1.6.0) lib/rack/etag.rb:24:in `call'
  rack (1.6.0) lib/rack/conditionalget.rb:25:in `call'
  rack (1.6.0) lib/rack/head.rb:13:in `call'
  actionpack (4.2.0) lib/action_dispatch/middleware/params_parser.rb:27:in `call'
  actionpack (4.2.0) lib/action_dispatch/middleware/flash.rb:260:in `call'
  rack (1.6.0) lib/rack/session/abstract/id.rb:225:in `context'
  rack (1.6.0) lib/rack/session/abstract/id.rb:220:in `call'
  actionpack (4.2.0) lib/action_dispatch/middleware/cookies.rb:560:in `call'
  activerecord (4.2.0) lib/active_record/query_cache.rb:36:in `call'
  activerecord (4.2.0) lib/active_record/connection_adapters/abstract/connection_pool.rb:647:in `call'
  activerecord (4.2.0) lib/active_record/migration.rb:378:in `call'
  actionpack (4.2.0) lib/action_dispatch/middleware/callbacks.rb:29:in `block in call'
  activesupport (4.2.0) lib/active_support/callbacks.rb:88:in `call'
  activesupport (4.2.0) lib/active_support/callbacks.rb:88:in `_run_callbacks'
  activesupport (4.2.0) lib/active_support/callbacks.rb:734:in `_run_call_callbacks'
  activesupport (4.2.0) lib/active_support/callbacks.rb:81:in `run_callbacks'
  actionpack (4.2.0) lib/action_dispatch/middleware/callbacks.rb:27:in `call'
  actionpack (4.2.0) lib/action_dispatch/middleware/reloader.rb:73:in `call'
  actionpack (4.2.0) lib/action_dispatch/middleware/remote_ip.rb:78:in `call'
  actionpack (4.2.0) lib/action_dispatch/middleware/debug_exceptions.rb:17:in `call'
  actionpack (4.2.0) lib/action_dispatch/middleware/show_exceptions.rb:30:in `call'
  railties (4.2.0) lib/rails/rack/logger.rb:38:in `call_app'
  railties (4.2.0) lib/rails/rack/logger.rb:20:in `block in call'
  activesupport (4.2.0) lib/active_support/tagged_logging.rb:68:in `block in tagged'
  activesupport (4.2.0) lib/active_support/tagged_logging.rb:26:in `tagged'
  activesupport (4.2.0) lib/active_support/tagged_logging.rb:68:in `tagged'
  railties (4.2.0) lib/rails/rack/logger.rb:20:in `call'
  actionpack (4.2.0) lib/action_dispatch/middleware/request_id.rb:21:in `call'
  rack (1.6.0) lib/rack/methodoverride.rb:22:in `call'
  rack (1.6.0) lib/rack/runtime.rb:18:in `call'
  activesupport (4.2.0) lib/active_support/cache/strategy/local_cache_middleware.rb:28:in `call'
  rack (1.6.0) lib/rack/lock.rb:17:in `call'
  actionpack (4.2.0) lib/action_dispatch/middleware/static.rb:113:in `call'
  rack (1.6.0) lib/rack/sendfile.rb:113:in `call'
  railties (4.2.0) lib/rails/engine.rb:518:in `call'
  railties (4.2.0) lib/rails/application.rb:164:in `call'
  unicorn (4.8.3) lib/unicorn/http_server.rb:576:in `process_client'
  unicorn (4.8.3) lib/unicorn/http_server.rb:670:in `worker_loop'
  unicorn (4.8.3) lib/unicorn/http_server.rb:525:in `spawn_missing_workers'
  unicorn (4.8.3) lib/unicorn/http_server.rb:140:in `start'
  unicorn (4.8.3) bin/unicorn_rails:209:in `<top (required)>'
  /home/forni/.rvm/gems/ruby-1.9.3-p545/bin/unicorn_rails:23:in `load'
  /home/forni/.rvm/gems/ruby-1.9.3-p545/bin/unicorn_rails:23:in `<main>'
  /home/forni/.rvm/gems/ruby-1.9.3-p545/bin/ruby_executable_hooks:15:in `eval'
  /home/forni/.rvm/gems/ruby-1.9.3-p545/bin/ruby_executable_hooks:15:in `<main>'


  Rendered /home/forni/.rvm/gems/ruby-1.9.3-p545/gems/actionpack-4.2.0/lib/action_dispatch/middleware/templates/rescues/_source.erb (5.4ms)
  Rendered /home/forni/.rvm/gems/ruby-1.9.3-p545/gems/actionpack-4.2.0/lib/action_dispatch/middleware/templates/rescues/_trace.html.erb (2.1ms)
  Rendered /home/forni/.rvm/gems/ruby-1.9.3-p545/gems/actionpack-4.2.0/lib/action_dispatch/middleware/templates/rescues/_request_and_response.html.erb (0.8ms)
  Rendered /home/forni/.rvm/gems/ruby-1.9.3-p545/gems/actionpack-4.2.0/lib/action_dispatch/middleware/templates/rescues/missing_template.html.erb within rescues/layout (16.5ms)


Started GET "/" for 127.0.0.1 at 2015-03-15 16:22:36 -0700
Processing by ApplicationController#splash as HTML
  Rendered application/splash.html.haml within layouts/application (0.7ms)
Completed 500 Internal Server Error in 11ms

ActionView::Template::Error (couldn't find file 'jquery'
  (in /home/forni/Development/heroku/smallanimalsincostumes/app/assets/javascripts/application.js:13)):
    3: <head>
    4:   <title>Smallanimalsincostumes</title>
    5:   <%= stylesheet_link_tag    "application", media: "all", "data-turbolinks-track" => true %>
    6:   <%= javascript_include_tag "application", "data-turbolinks-track" => true %>
    7:   <%= csrf_meta_tags %>
    8: </head>
    9: <body>
  app/views/layouts/application.html.erb:6:in `_app_views_layouts_application_html_erb__2788766018762344205_48427820'


  Rendered /home/forni/.rvm/gems/ruby-1.9.3-p545/gems/actionpack-4.2.0/lib/action_dispatch/middleware/templates/rescues/_source.erb (35.6ms)
  Rendered /home/forni/.rvm/gems/ruby-1.9.3-p545/gems/actionpack-4.2.0/lib/action_dispatch/middleware/templates/rescues/_trace.html.erb (2.6ms)
  Rendered /home/forni/.rvm/gems/ruby-1.9.3-p545/gems/actionpack-4.2.0/lib/action_dispatch/middleware/templates/rescues/_request_and_response.html.erb (0.8ms)
  Rendered /home/forni/.rvm/gems/ruby-1.9.3-p545/gems/actionpack-4.2.0/lib/action_dispatch/middleware/templates/rescues/template_error.html.erb within rescues/layout (47.8ms)


Started GET "/" for 127.0.0.1 at 2015-03-15 16:22:55 -0700
Processing by ApplicationController#splash as HTML
  Rendered application/splash.html.haml within layouts/application (0.2ms)
Completed 200 OK in 6ms (Views: 5.3ms | ActiveRecord: 0.0ms)


Started GET "/assets/application.css?body=1" for 127.0.0.1 at 2015-03-15 16:22:55 -0700


Started GET "/" for 127.0.0.1 at 2015-03-15 16:24:37 -0700
Processing by ApplicationController#splash as HTML
  Rendered application/splash.html.haml within layouts/application (0.1ms)
Completed 200 OK in 2ms (Views: 2.1ms | ActiveRecord: 0.0ms)


Started GET "/" for 127.0.0.1 at 2015-03-15 16:24:55 -0700
Processing by ApplicationController#splash as HTML
  Rendered application/splash.html.haml within layouts/application (0.1ms)
Completed 200 OK in 2ms (Views: 1.7ms | ActiveRecord: 0.0ms)


Started GET "/" for 127.0.0.1 at 2015-03-15 16:25:05 -0700
Processing by ApplicationController#splash as HTML
  Rendered application/splash.html.haml within layouts/application (0.2ms)
Completed 200 OK in 4ms (Views: 3.2ms | ActiveRecord: 0.0ms)


Started GET "/" for 127.0.0.1 at 2015-03-15 16:25:13 -0700
Processing by ApplicationController#splash as HTML
  Rendered application/splash.html.haml within layouts/application (0.1ms)
Completed 200 OK in 3ms (Views: 3.2ms | ActiveRecord: 0.0ms)


Started GET "/assets/application.css?body=1" for 127.0.0.1 at 2015-03-15 16:25:13 -0700


Started GET "/" for 127.0.0.1 at 2015-03-15 16:26:57 -0700
Processing by ApplicationController#splash as HTML
  Rendered application/splash.html.haml within layouts/application (3.5ms)
Completed 200 OK in 5ms (Views: 5.2ms | ActiveRecord: 0.0ms)


Started GET "/assets/application.css?body=1" for 127.0.0.1 at 2015-03-15 16:26:57 -0700


Started GET "/" for 127.0.0.1 at 2015-03-15 16:27:22 -0700
Processing by ApplicationController#splash as HTML
  Rendered application/splash.html.haml within layouts/application (3.1ms)
Completed 200 OK in 5ms (Views: 4.5ms | ActiveRecord: 0.0ms)


Started GET "/assets/application.css?body=1" for 127.0.0.1 at 2015-03-15 16:27:22 -0700


Started GET "/" for 127.0.0.1 at 2015-03-15 16:29:42 -0700
Processing by ApplicationController#splash as HTML
  Rendered application/splash.html.haml within layouts/application (3.3ms)
Completed 500 Internal Server Error in 347ms

ActionView::Template::Error (Invalid CSS after "100%": expected expression (e.g. 1px, bold), was ";"
  (in /home/forni/Development/heroku/smallanimalsincostumes/app/assets/stylesheets/application.css.sass:5)):
    1: %html
    2:   %head
    3:     %title="Small Animals in Costumes"
    4:     = stylesheet_link_tag 'application', media: 'all'
    5:   %body
    6:     = yield
  app/assets/stylesheets/application.css.sass:5
  app/views/layouts/application.html.haml:4:in `_app_views_layouts_application_html_haml___846309351265804916_43565580'


  Rendered /home/forni/.rvm/gems/ruby-1.9.3-p545/gems/actionpack-4.2.0/lib/action_dispatch/middleware/templates/rescues/_source.erb (7.7ms)
  Rendered /home/forni/.rvm/gems/ruby-1.9.3-p545/gems/actionpack-4.2.0/lib/action_dispatch/middleware/templates/rescues/_trace.html.erb (2.7ms)
  Rendered /home/forni/.rvm/gems/ruby-1.9.3-p545/gems/actionpack-4.2.0/lib/action_dispatch/middleware/templates/rescues/_request_and_response.html.erb (1.0ms)
  Rendered /home/forni/.rvm/gems/ruby-1.9.3-p545/gems/actionpack-4.2.0/lib/action_dispatch/middleware/templates/rescues/template_error.html.erb within rescues/layout (19.8ms)


Started GET "/" for 127.0.0.1 at 2015-03-15 16:30:23 -0700
Processing by ApplicationController#splash as HTML
  Rendered application/splash.html.haml within layouts/application (2.1ms)
Completed 500 Internal Server Error in 6ms

ActionView::Template::Error (Invalid CSS after "100%": expected expression (e.g. 1px, bold), was ";"
  (in /home/forni/Development/heroku/smallanimalsincostumes/app/assets/stylesheets/application.css.sass:5)):
    1: %html
    2:   %head
    3:     %title="Small Animals in Costumes"
    4:     = stylesheet_link_tag 'application', media: 'all'
    5:   %body
    6:     = yield
  app/assets/stylesheets/application.css.sass:5
  app/views/layouts/application.html.haml:4:in `_app_views_layouts_application_html_haml___846309351265804916_43565580'


  Rendered /home/forni/.rvm/gems/ruby-1.9.3-p545/gems/actionpack-4.2.0/lib/action_dispatch/middleware/templates/rescues/_source.erb (8.2ms)
  Rendered /home/forni/.rvm/gems/ruby-1.9.3-p545/gems/actionpack-4.2.0/lib/action_dispatch/middleware/templates/rescues/_trace.html.erb (2.7ms)
  Rendered /home/forni/.rvm/gems/ruby-1.9.3-p545/gems/actionpack-4.2.0/lib/action_dispatch/middleware/templates/rescues/_request_and_response.html.erb (1.0ms)
  Rendered /home/forni/.rvm/gems/ruby-1.9.3-p545/gems/actionpack-4.2.0/lib/action_dispatch/middleware/templates/rescues/template_error.html.erb within rescues/layout (20.4ms)


Started GET "/" for 127.0.0.1 at 2015-03-15 16:30:34 -0700
Processing by ApplicationController#splash as HTML
  Rendered application/splash.html.haml within layouts/application (29.5ms)
Completed 500 Internal Server Error in 377ms

ActionView::Template::Error (Invalid CSS after "100%": expected expression (e.g. 1px, bold), was ";"
  (in /home/forni/Development/heroku/smallanimalsincostumes/app/assets/stylesheets/application.css.sass:5)):
    1: %html
    2:   %head
    3:     %title="Small Animals in Costumes"
    4:     = stylesheet_link_tag 'application', media: 'all'
    5:   %body
    6:     = yield
  app/assets/stylesheets/application.css.sass:5
  app/views/layouts/application.html.haml:4:in `_app_views_layouts_application_html_haml__2225781335037359308_32989180'


  Rendered /home/forni/.rvm/gems/ruby-1.9.3-p545/gems/actionpack-4.2.0/lib/action_dispatch/middleware/templates/rescues/_source.erb (8.2ms)
  Rendered /home/forni/.rvm/gems/ruby-1.9.3-p545/gems/actionpack-4.2.0/lib/action_dispatch/middleware/templates/rescues/_trace.html.erb (3.4ms)
  Rendered /home/forni/.rvm/gems/ruby-1.9.3-p545/gems/actionpack-4.2.0/lib/action_dispatch/middleware/templates/rescues/_request_and_response.html.erb (10.8ms)
  Rendered /home/forni/.rvm/gems/ruby-1.9.3-p545/gems/actionpack-4.2.0/lib/action_dispatch/middleware/templates/rescues/template_error.html.erb within rescues/layout (61.1ms)


Started GET "/" for 127.0.0.1 at 2015-03-15 16:31:26 -0700
Processing by ApplicationController#splash as HTML
  Rendered application/splash.html.haml within layouts/application (4.1ms)
Completed 500 Internal Server Error in 14ms

ActionView::Template::Error (Invalid CSS after "div.welcome ": expected selector, was "{"
  (in /home/forni/Development/heroku/smallanimalsincostumes/app/assets/stylesheets/application.css.sass:5)):
    1: %html
    2:   %head
    3:     %title="Small Animals in Costumes"
    4:     = stylesheet_link_tag 'application', media: 'all'
    5:   %body
    6:     = yield
  app/assets/stylesheets/application.css.sass:5
  app/views/layouts/application.html.haml:4:in `_app_views_layouts_application_html_haml__2225781335037359308_32989180'


  Rendered /home/forni/.rvm/gems/ruby-1.9.3-p545/gems/actionpack-4.2.0/lib/action_dispatch/middleware/templates/rescues/_source.erb (7.7ms)
  Rendered /home/forni/.rvm/gems/ruby-1.9.3-p545/gems/actionpack-4.2.0/lib/action_dispatch/middleware/templates/rescues/_trace.html.erb (3.0ms)
  Rendered /home/forni/.rvm/gems/ruby-1.9.3-p545/gems/actionpack-4.2.0/lib/action_dispatch/middleware/templates/rescues/_request_and_response.html.erb (1.0ms)
  Rendered /home/forni/.rvm/gems/ruby-1.9.3-p545/gems/actionpack-4.2.0/lib/action_dispatch/middleware/templates/rescues/template_error.html.erb within rescues/layout (49.1ms)


Started GET "/" for 127.0.0.1 at 2015-03-15 16:32:01 -0700
Processing by ApplicationController#splash as HTML
  Rendered application/splash.html.haml within layouts/application (2.3ms)
Completed 200 OK in 9ms (Views: 9.3ms | ActiveRecord: 0.0ms)


Started GET "/assets/application.css?body=1" for 127.0.0.1 at 2015-03-15 16:32:01 -0700


Started GET "/" for 127.0.0.1 at 2015-03-15 16:35:01 -0700
Processing by ApplicationController#splash as HTML
  Rendered application/splash.html.haml within layouts/application (2.9ms)
Completed 200 OK in 5ms (Views: 4.7ms | ActiveRecord: 0.0ms)


Started GET "/assets/application.css?body=1" for 127.0.0.1 at 2015-03-15 16:35:01 -0700


Started GET "/" for 127.0.0.1 at 2015-03-15 16:35:14 -0700
Processing by ApplicationController#splash as HTML
  Rendered application/splash.html.haml within layouts/application (4.1ms)
Completed 200 OK in 16ms (Views: 16.0ms | ActiveRecord: 0.0ms)


Started GET "/assets/application.css?body=1" for 127.0.0.1 at 2015-03-15 16:35:14 -0700


Started GET "/" for 127.0.0.1 at 2015-03-15 16:35:33 -0700
Processing by ApplicationController#splash as HTML
  Rendered application/splash.html.haml within layouts/application (3.5ms)
Completed 200 OK in 15ms (Views: 15.1ms | ActiveRecord: 0.0ms)


Started GET "/assets/application.css?body=1" for 127.0.0.1 at 2015-03-15 16:35:33 -0700


Started GET "/" for 127.0.0.1 at 2015-03-15 16:35:55 -0700
Processing by ApplicationController#splash as HTML
  Rendered application/splash.html.haml within layouts/application (2.3ms)
Completed 200 OK in 10ms (Views: 10.0ms | ActiveRecord: 0.0ms)


Started GET "/assets/application.css?body=1" for 127.0.0.1 at 2015-03-15 16:35:55 -0700


Started GET "/" for 127.0.0.1 at 2015-03-15 16:36:10 -0700
Processing by ApplicationController#splash as HTML
  Rendered application/splash.html.haml within layouts/application (2.3ms)
Completed 200 OK in 37ms (Views: 37.2ms | ActiveRecord: 0.0ms)


Started GET "/assets/application.css?body=1" for 127.0.0.1 at 2015-03-15 16:36:11 -0700


Started GET "/" for 127.0.0.1 at 2015-03-15 16:36:19 -0700
Processing by ApplicationController#splash as HTML
  Rendered application/splash.html.haml within layouts/application (2.4ms)
Completed 200 OK in 10ms (Views: 10.0ms | ActiveRecord: 0.0ms)


Started GET "/assets/application.css?body=1" for 127.0.0.1 at 2015-03-15 16:36:19 -0700


Started GET "/" for 127.0.0.1 at 2015-03-15 16:36:35 -0700
Processing by ApplicationController#splash as HTML
  Rendered application/splash.html.haml within layouts/application (3.3ms)
Completed 500 Internal Server Error in 10ms

ActionView::Template::Error (Invalid CSS after "  margin": expected ";", was ": auto 0;"
  (in /home/forni/Development/heroku/smallanimalsincostumes/app/assets/stylesheets/application.css.scss:10)):
    1: %html
    2:   %head
    3:     %title="Small Animals in Costumes"
    4:     = stylesheet_link_tag 'application', media: 'all'
    5:   %body
    6:     = yield
  app/assets/stylesheets/application.css.scss:10
  app/views/layouts/application.html.haml:4:in `_app_views_layouts_application_html_haml__2225781335037359308_32989180'


  Rendered /home/forni/.rvm/gems/ruby-1.9.3-p545/gems/actionpack-4.2.0/lib/action_dispatch/middleware/templates/rescues/_source.erb (7.3ms)
  Rendered /home/forni/.rvm/gems/ruby-1.9.3-p545/gems/actionpack-4.2.0/lib/action_dispatch/middleware/templates/rescues/_trace.html.erb (2.8ms)
  Rendered /home/forni/.rvm/gems/ruby-1.9.3-p545/gems/actionpack-4.2.0/lib/action_dispatch/middleware/templates/rescues/_request_and_response.html.erb (1.1ms)
  Rendered /home/forni/.rvm/gems/ruby-1.9.3-p545/gems/actionpack-4.2.0/lib/action_dispatch/middleware/templates/rescues/template_error.html.erb within rescues/layout (19.7ms)


Started GET "/" for 127.0.0.1 at 2015-03-15 16:36:47 -0700
Processing by ApplicationController#splash as HTML
  Rendered application/splash.html.haml within layouts/application (2.4ms)
Completed 500 Internal Server Error in 8ms

ActionView::Template::Error (Invalid CSS after "  margin": expected ";", was ": auto;"
  (in /home/forni/Development/heroku/smallanimalsincostumes/app/assets/stylesheets/application.css.scss:10)):
    1: %html
    2:   %head
    3:     %title="Small Animals in Costumes"
    4:     = stylesheet_link_tag 'application', media: 'all'
    5:   %body
    6:     = yield
  app/assets/stylesheets/application.css.scss:10
  app/views/layouts/application.html.haml:4:in `_app_views_layouts_application_html_haml__2225781335037359308_32989180'


  Rendered /home/forni/.rvm/gems/ruby-1.9.3-p545/gems/actionpack-4.2.0/lib/action_dispatch/middleware/templates/rescues/_source.erb (7.4ms)
  Rendered /home/forni/.rvm/gems/ruby-1.9.3-p545/gems/actionpack-4.2.0/lib/action_dispatch/middleware/templates/rescues/_trace.html.erb (2.9ms)
  Rendered /home/forni/.rvm/gems/ruby-1.9.3-p545/gems/actionpack-4.2.0/lib/action_dispatch/middleware/templates/rescues/_request_and_response.html.erb (1.1ms)
  Rendered /home/forni/.rvm/gems/ruby-1.9.3-p545/gems/actionpack-4.2.0/lib/action_dispatch/middleware/templates/rescues/template_error.html.erb within rescues/layout (19.9ms)


Started GET "/" for 127.0.0.1 at 2015-03-15 16:36:53 -0700
Processing by ApplicationController#splash as HTML
  Rendered application/splash.html.haml within layouts/application (4.8ms)
Completed 200 OK in 17ms (Views: 16.3ms | ActiveRecord: 0.0ms)


Started GET "/assets/application.css?body=1" for 127.0.0.1 at 2015-03-15 16:36:53 -0700


Started GET "/assets/application.css?body=1" for 127.0.0.1 at 2015-03-15 16:37:00 -0700


Started GET "/" for 127.0.0.1 at 2015-03-15 16:37:39 -0700
Processing by ApplicationController#splash as HTML
  Rendered application/splash.html.haml within layouts/application (3.1ms)
Completed 200 OK in 12ms (Views: 12.2ms | ActiveRecord: 0.0ms)


Started GET "/assets/application.css?body=1" for 127.0.0.1 at 2015-03-15 16:37:39 -0700


Started GET "/" for 127.0.0.1 at 2015-03-15 16:38:11 -0700
Processing by ApplicationController#splash as HTML
  Rendered application/splash.html.haml within layouts/application (3.2ms)
Completed 200 OK in 7ms (Views: 6.9ms | ActiveRecord: 0.0ms)


Started GET "/assets/application.css?body=1" for 127.0.0.1 at 2015-03-15 16:38:11 -0700


Started GET "/" for 127.0.0.1 at 2015-03-15 16:38:49 -0700
Processing by ApplicationController#splash as HTML
  Rendered application/splash.html.haml within layouts/application (3.2ms)
Completed 200 OK in 12ms (Views: 11.5ms | ActiveRecord: 0.0ms)


Started GET "/assets/application.css?body=1" for 127.0.0.1 at 2015-03-15 16:38:49 -0700


Started GET "/" for 127.0.0.1 at 2015-03-15 16:39:20 -0700
Processing by ApplicationController#splash as HTML
  Rendered application/splash.html.haml within layouts/application (3.5ms)
Completed 200 OK in 5ms (Views: 5.2ms | ActiveRecord: 0.0ms)


Started GET "/assets/application.css?body=1" for 127.0.0.1 at 2015-03-15 16:39:20 -0700


Started GET "/" for 127.0.0.1 at 2015-03-15 16:39:45 -0700
Processing by ApplicationController#splash as HTML
  Rendered application/splash.html.haml within layouts/application (3.5ms)
Completed 200 OK in 5ms (Views: 5.1ms | ActiveRecord: 0.0ms)


Started GET "/assets/application.css?body=1" for 127.0.0.1 at 2015-03-15 16:39:45 -0700


Started GET "/" for 127.0.0.1 at 2015-03-15 16:39:55 -0700
Processing by ApplicationController#splash as HTML
  Rendered application/splash.html.haml within layouts/application (3.3ms)
Completed 200 OK in 5ms (Views: 4.7ms | ActiveRecord: 0.0ms)


Started GET "/assets/application.css?body=1" for 127.0.0.1 at 2015-03-15 16:39:55 -0700


Started GET "/" for 127.0.0.1 at 2015-03-15 16:40:23 -0700
Processing by ApplicationController#splash as HTML
  Rendered application/splash.html.haml within layouts/application (3.8ms)
Completed 200 OK in 46ms (Views: 45.6ms | ActiveRecord: 0.0ms)


Started GET "/assets/application.css?body=1" for 127.0.0.1 at 2015-03-15 16:40:23 -0700


Started GET "/" for 127.0.0.1 at 2015-03-15 16:47:37 -0700
Processing by ApplicationController#splash as HTML
  Rendered application/splash.html.haml within layouts/application (3.3ms)
Completed 200 OK in 16ms (Views: 15.9ms | ActiveRecord: 0.0ms)


Started GET "/assets/application.css?body=1" for 127.0.0.1 at 2015-03-15 16:47:37 -0700


Started GET "/" for 127.0.0.1 at 2015-03-15 16:47:42 -0700
Processing by ApplicationController#splash as HTML
  Rendered application/splash.html.haml within layouts/application (6.3ms)
Completed 200 OK in 11ms (Views: 10.2ms | ActiveRecord: 0.0ms)


Started GET "/assets/application.css?body=1" for 127.0.0.1 at 2015-03-15 16:47:42 -0700


Started GET "/" for 127.0.0.1 at 2015-03-15 16:48:20 -0700
Processing by ApplicationController#splash as HTML
  Rendered application/splash.html.haml within layouts/application (2.9ms)
Completed 200 OK in 13ms (Views: 12.9ms | ActiveRecord: 0.0ms)


Started GET "/assets/application.css?body=1" for 127.0.0.1 at 2015-03-15 16:48:20 -0700


Started GET "/" for 127.0.0.1 at 2015-03-15 16:49:09 -0700
Processing by ApplicationController#splash as HTML
  Rendered application/splash.html.haml within layouts/application (3.9ms)
Completed 200 OK in 15ms (Views: 15.0ms | ActiveRecord: 0.0ms)


Started GET "/assets/application.css?body=1" for 127.0.0.1 at 2015-03-15 16:49:09 -0700


Started GET "/" for 127.0.0.1 at 2015-03-15 16:49:17 -0700
Processing by ApplicationController#splash as HTML
  Rendered application/splash.html.haml within layouts/application (2.3ms)
Completed 200 OK in 11ms (Views: 11.2ms | ActiveRecord: 0.0ms)


Started GET "/assets/application.css?body=1" for 127.0.0.1 at 2015-03-15 16:49:17 -0700


Started GET "/" for 127.0.0.1 at 2015-03-15 16:49:47 -0700
Processing by ApplicationController#splash as HTML
  Rendered application/splash.html.haml within layouts/application (6.1ms)
Completed 200 OK in 24ms (Views: 24.2ms | ActiveRecord: 0.0ms)


Started GET "/assets/application.css?body=1" for 127.0.0.1 at 2015-03-15 16:49:47 -0700


Started GET "/" for 127.0.0.1 at 2015-03-15 16:49:56 -0700
Processing by ApplicationController#splash as HTML
  Rendered application/splash.html.haml within layouts/application (2.5ms)
Completed 200 OK in 12ms (Views: 11.6ms | ActiveRecord: 0.0ms)


Started GET "/assets/application.css?body=1" for 127.0.0.1 at 2015-03-15 16:49:56 -0700


Started GET "/" for 127.0.0.1 at 2015-03-15 16:50:45 -0700
Processing by ApplicationController#splash as HTML
  Rendered application/splash.html.haml within layouts/application (2.5ms)
Completed 200 OK in 12ms (Views: 11.7ms | ActiveRecord: 0.0ms)


Started GET "/assets/application.css?body=1" for 127.0.0.1 at 2015-03-15 16:50:45 -0700


Started GET "/" for 127.0.0.1 at 2015-03-15 16:51:08 -0700
Processing by ApplicationController#splash as HTML
  Rendered application/splash.html.haml within layouts/application (2.4ms)
Completed 200 OK in 14ms (Views: 13.5ms | ActiveRecord: 0.0ms)


Started GET "/assets/application.css?body=1" for 127.0.0.1 at 2015-03-15 16:51:08 -0700


Started GET "/" for 127.0.0.1 at 2015-03-15 16:51:19 -0700
Processing by ApplicationController#splash as HTML
  Rendered application/splash.html.haml within layouts/application (2.6ms)
Completed 200 OK in 15ms (Views: 14.5ms | ActiveRecord: 0.0ms)


Started GET "/assets/application.css?body=1" for 127.0.0.1 at 2015-03-15 16:51:19 -0700


Started GET "/" for 127.0.0.1 at 2015-03-15 16:51:37 -0700
Processing by ApplicationController#splash as HTML
  Rendered application/splash.html.haml within layouts/application (5.0ms)
Completed 200 OK in 7ms (Views: 7.1ms | ActiveRecord: 0.0ms)


Started GET "/assets/application.css?body=1" for 127.0.0.1 at 2015-03-15 16:51:37 -0700


Started GET "/" for 127.0.0.1 at 2015-03-15 16:52:32 -0700
Processing by ApplicationController#splash as HTML
  Rendered application/splash.html.haml within layouts/application (3.4ms)
Completed 200 OK in 12ms (Views: 12.0ms | ActiveRecord: 0.0ms)


Started GET "/assets/application.css?body=1" for 127.0.0.1 at 2015-03-15 16:52:32 -0700


Started GET "/" for 127.0.0.1 at 2015-03-15 16:52:39 -0700
Processing by ApplicationController#splash as HTML
  Rendered application/splash.html.haml within layouts/application (2.6ms)
Completed 200 OK in 13ms (Views: 12.6ms | ActiveRecord: 0.0ms)


Started GET "/assets/application.css?body=1" for 127.0.0.1 at 2015-03-15 16:52:39 -0700


Started GET "/" for 127.0.0.1 at 2015-03-15 16:52:57 -0700
Processing by ApplicationController#splash as HTML
  Rendered application/splash.html.haml within layouts/application (2.8ms)
Completed 200 OK in 15ms (Views: 14.3ms | ActiveRecord: 0.0ms)


Started GET "/assets/application.css?body=1" for 127.0.0.1 at 2015-03-15 16:52:57 -0700


Started GET "/" for 127.0.0.1 at 2015-03-15 16:54:50 -0700
Processing by ApplicationController#splash as HTML
  Rendered application/splash.html.haml within layouts/application (3.5ms)
Completed 200 OK in 5ms (Views: 5.3ms | ActiveRecord: 0.0ms)


Started GET "/assets/application.css?body=1" for 127.0.0.1 at 2015-03-15 16:54:50 -0700


Started GET "/" for 127.0.0.1 at 2015-03-15 16:56:34 -0700
Processing by ApplicationController#splash as HTML
  Rendered application/splash.html.haml within layouts/application (2.2ms)
Completed 200 OK in 13ms (Views: 12.6ms | ActiveRecord: 0.0ms)


Started GET "/assets/application.css?body=1" for 127.0.0.1 at 2015-03-15 16:56:34 -0700


Started GET "/" for 127.0.0.1 at 2015-03-15 16:56:55 -0700
Processing by ApplicationController#splash as HTML
  Rendered application/splash.html.haml within layouts/application (5.6ms)
Completed 200 OK in 41ms (Views: 41.1ms | ActiveRecord: 0.0ms)


Started GET "/assets/application.css?body=1" for 127.0.0.1 at 2015-03-15 16:56:55 -0700


Started GET "/" for 127.0.0.1 at 2015-03-15 16:57:11 -0700
Processing by ApplicationController#splash as HTML
  Rendered application/splash.html.haml within layouts/application (6.3ms)
Completed 200 OK in 324ms (Views: 323.9ms | ActiveRecord: 0.0ms)


Started GET "/assets/application.css?body=1" for 127.0.0.1 at 2015-03-15 16:57:11 -0700


Started GET "/" for 127.0.0.1 at 2015-03-15 16:57:36 -0700
Processing by ApplicationController#splash as HTML
  Rendered application/splash.html.haml within layouts/application (2.6ms)
Completed 200 OK in 15ms (Views: 14.5ms | ActiveRecord: 0.0ms)


Started GET "/assets/application.css?body=1" for 127.0.0.1 at 2015-03-15 16:57:36 -0700


Started GET "/" for 127.0.0.1 at 2015-03-15 16:58:07 -0700
Processing by ApplicationController#splash as HTML
  Rendered application/splash.html.haml within layouts/application (3.8ms)
Completed 200 OK in 16ms (Views: 15.8ms | ActiveRecord: 0.0ms)


Started GET "/assets/application.css?body=1" for 127.0.0.1 at 2015-03-15 16:58:07 -0700


Started GET "/" for 127.0.0.1 at 2015-03-15 16:58:15 -0700
Processing by ApplicationController#splash as HTML
  Rendered application/splash.html.haml within layouts/application (2.3ms)
Completed 200 OK in 14ms (Views: 13.9ms | ActiveRecord: 0.0ms)


Started GET "/assets/application.css?body=1" for 127.0.0.1 at 2015-03-15 16:58:15 -0700


Started GET "/" for 127.0.0.1 at 2015-03-15 16:58:33 -0700
Processing by ApplicationController#splash as HTML
  Rendered application/splash.html.haml within layouts/application (2.3ms)
Completed 200 OK in 14ms (Views: 13.5ms | ActiveRecord: 0.0ms)


Started GET "/assets/application.css?body=1" for 127.0.0.1 at 2015-03-15 16:58:34 -0700


Started GET "/" for 127.0.0.1 at 2015-03-15 16:59:00 -0700
Processing by ApplicationController#splash as HTML
  Rendered application/splash.html.haml within layouts/application (6.1ms)
Completed 200 OK in 23ms (Views: 22.7ms | ActiveRecord: 0.0ms)


Started GET "/assets/application.css?body=1" for 127.0.0.1 at 2015-03-15 16:59:00 -0700
